R Language Server (2497) started
During startup - Warning messages:
1: Setting LC_CTYPE failed, using "C" 
2: Setting LC_COLLATE failed, using "C" 
3: Setting LC_TIME failed, using "C" 
4: Setting LC_MESSAGES failed, using "C" 
5: Setting LC_MONETARY failed, using "C" 
6: Setting LC_PAPER failed, using "C" 
7: Setting LC_MEASUREMENT failed, using "C" 

[2023-03-19 11:42:31.101] connection type: tcp at  40523

[2023-03-19 11:42:31.112] connected

[2023-03-19 11:42:31.725] received:  Content-Length: 5826

[2023-03-19 11:42:32.335] received payload.

[2023-03-19 11:42:32.336] handling request:  initialize

[2023-03-19 11:42:32.336] session:  {
  "system": {
    "sysname": "Linux",
    "release": "6.2.6-arch1-1",
    "version": "#1 SMP PREEMPT_DYNAMIC Mon, 13 Mar 2023 17:02:08 +0000",
    "nodename": "Arcris",
    "machine": "x86_64",
    "login": "juan-c",
    "user": "juan-c",
    "effective_user": "juan-c"
  },
  "pid": 2497,
  "wd": "/home/juan-c/WIM-PC-2022/Otro/Visual Code",
  "args": ["/usr/lib64/R/bin/exec/R", "--silent", "--slave", "--no-save", "--no-restore", "-e", "base::source(base::commandArgs(TRUE))", "--args", "/home/juan-c/.vscode/extensions/reditorsupport.r-2.7.2/R/languageServer.R"],
  "ver": {
    "platform": "x86_64-pc-linux-gnu",
    "arch": "x86_64",
    "os": "linux-gnu",
    "system": "x86_64, linux-gnu",
    "status": "",
    "major": "4",
    "minor": "2.3",
    "year": "2023",
    "month": "03",
    "day": "15",
    "svn rev": "83980",
    "language": "R",
    "version.string": "R version 4.2.3 (2023-03-15)",
    "nickname": "Shortstop Beagle"
  },
  "locale": "C",
  "env": {
    "CHROME_DESKTOP": "code-url-handler.desktop",
    "DBUS_SESSION_BUS_ADDRESS": "unix:path=/run/user/1000/bus",
    "DEBUGINFOD_URLS": "https://debuginfod.archlinux.org ",
    "DESKTOP_SESSION": "hyprland",
    "DISPLAY": ":1",
    "DOTNET_BUNDLE_EXTRACT_BASE_DIR": "/home/juan-c/.cache/dotnet_bundle_extract",
    "DOTNET_ROOT": "/usr/share/dotnet",
    "EDITOR": "vi",
    "ELECTRON_NO_ATTACH_CONSOLE": "1",
    "ELECTRON_RUN_AS_NODE": "1",
    "GDK_BACKEND": "x11",
    "GIO_LAUNCHED_DESKTOP_FILE": "/usr/share/applications/code.desktop",
    "GIO_LAUNCHED_DESKTOP_FILE_PID": "1969",
    "HOME": "/home/juan-c",
    "HYPRLAND_CMD": "Hyprland",
    "HYPRLAND_INSTANCE_SIGNATURE": "06244555915339967864292dd0b83cd9732516d8_1679243932",
    "LANG": "UTF-8",
    "LD_LIBRARY_PATH": "/usr/lib64/R/lib:/usr/lib/jvm/java-19-openjdk/lib/server",
    "LN_S": "ln -s",
    "LOGNAME": "juan-c",
    "MAIL": "/var/spool/mail/juan-c",
    "MAKE": "make",
    "MOTD_SHOWN": "pam",
    "MOZ_ENABLE_WAYLAND": "1",
    "NO_AT_BRIDGE": "1",
    "OLDPWD": "/home/juan-c",
    "ORIGINAL_XDG_CURRENT_DESKTOP": "Hyprland",
    "PAGER": "/usr/bin/less",
    "PATH": "/usr/local/sbin:/usr/local/bin:/usr/bin:/home/juan-c/.dotnet/tools:/usr/lib/jvm/default/bin:/usr/bin/site_perl:/usr/bin/vendor_perl:/usr/bin/core_perl:/var/lib/snapd/snap/bin",
    "PWD": "/home/juan-c/WIM-PC-2022/Otro/Visual Code",
    "R_ARCH": "",
    "R_BROWSER": "",
    "R_BZIPCMD": "/usr/bin/bzip2",
    "R_DOC_DIR": "/usr/share/doc/R/",
    "R_GZIPCMD": "/usr/bin/gzip",
    "R_HOME": "/usr/lib64/R",
    "R_INCLUDE_DIR": "/usr/include/R/",
    "R_LIBS_SITE": "/usr/lib64/R/site-library",
    "R_LIBS_USER": "/home/juan-c/R/x86_64-pc-linux-gnu-library/4.2",
    "R_PAPERSIZE": "A4",
    "R_PDFVIEWER": "",
    "R_PLATFORM": "x86_64-pc-linux-gnu",
    "R_PRINTCMD": "",
    "R_RD4PDF": "times,hyper",
    "R_SESSION_TMPDIR": "/tmp/RtmpUPYHp3",
    "R_SHARE_DIR": "/usr/share/R/",
    "R_STRIP_SHARED_LIB": "strip --strip-unneeded",
    "R_STRIP_STATIC_LIB": "strip --strip-debug",
    "R_SYSTEM_ABI": "linux,gcc,gxx,gfortran,gfortran",
    "R_TEXI2DVICMD": "/usr/bin/texi2dvi",
    "R_UNZIPCMD": "/usr/bin/unzip",
    "R_ZIPCMD": "/usr/bin/zip",
    "SED": "/usr/bin/sed",
    "SHELL": "/bin/zsh",
    "SHLVL": "1",
    "TAR": "/usr/bin/tar",
    "USER": "juan-c",
    "VSCODE_AMD_ENTRYPOINT": "vs/workbench/api/node/extensionHostProcess",
    "VSCODE_CLI": "1",
    "VSCODE_CODE_CACHE_PATH": "/home/juan-c/.config/Code/CachedData/ee2b180d582a7f601fa6ecfdad8d9fd269ab1884",
    "VSCODE_CRASH_REPORTER_PROCESS_TYPE": "extensionHost",
    "VSCODE_CWD": "/home/juan-c",
    "VSCODE_HANDLES_UNCAUGHT_ERRORS": "true",
    "VSCODE_IPC_HOOK": "/run/user/1000/vscode-1da64c1e-1.76-main.sock",
    "VSCODE_NLS_CONFIG": "{\"locale\":\"es-co\",\"availableLanguages\":{\"*\":\"es\"},\"_languagePackId\":\"ac912362dff4707224d25c1495fac2dc.es\",\"_translationsConfigFile\":\"/home/juan-c/.config/Code/clp/ac912362dff4707224d25c1495fac2dc.es/tcf.json\",\"_cacheRoot\":\"/home/juan-c/.config/Code/clp/ac912362dff4707224d25c1495fac2dc.es\",\"_corruptedFile\":\"/home/juan-c/.config/Code/clp/ac912362dff4707224d25c1495fac2dc.es/corrupted.info\",\"_resolvedLanguagePackCoreLocation\":\"/home/juan-c/.config/Code/clp/ac912362dff4707224d25c1495fac2dc.es/ee2b180d582a7f601fa6ecfdad8d9fd269ab1884\",\"_languagePackSupport\":true}",
    "VSCODE_PID": "1992",
    "VSCR_LIB_PATHS": "",
    "VSCR_LSP_DEBUG": "TRUE",
    "VSCR_LSP_PORT": "40523",
    "WAYLAND_DISPLAY": "wayland-1",
    "XCURSOR_SIZE": "24",
    "XDG_BACKEND": "wayland",
    "XDG_CURRENT_DESKTOP": "Hyprland",
    "XDG_DATA_DIRS": "/usr/local/share:/usr/share:/var/lib/snapd/desktop",
    "XDG_RUNTIME_DIR": "/run/user/1000",
    "XDG_SEAT": "seat0",
    "XDG_SEAT_PATH": "/org/freedesktop/DisplayManager/Seat0",
    "XDG_SESSION_CLASS": "user",
    "XDG_SESSION_ID": "2",
    "XDG_SESSION_PATH": "/org/freedesktop/DisplayManager/Session1",
    "XDG_SESSION_TYPE": "wayland",
    "XDG_VTNR": "2",
    "_JAVA_AWT_WM_NONREPARENTING": "1"
  },
  "libpaths": ["/home/juan-c/R/x86_64-pc-linux-gnu-library/4.2", "/usr/lib/R/library"],
  "namespaces": {
    "processx": "3.8.0",
    "compiler": "4.2.3",
    "R6": "2.5.1",
    "graphics": "4.2.3",
    "tools": "4.2.3",
    "parallel": "4.2.3",
    "collections": "0.3.7",
    "utils": "4.2.3",
    "grDevices": "4.2.3",
    "stats": "4.2.3",
    "datasets": "4.2.3",
    "xml2": "1.3.3",
    "stringi": "1.7.12",
    "callr": "3.7.3",
    "methods": "4.2.3",
    "jsonlite": "1.8.4",
    "ps": "1.7.2",
    "base": "4.2.3",
    "languageserver": "0.3.15"
  },
  "search": [".GlobalEnv", "package:stats", "package:graphics", "package:grDevices", "package:utils", "package:datasets", "package:methods", "Autoloads", "package:base"]
}

[2023-03-19 11:42:32.449] initialization config:  {
  "processId": 2147,
  "clientInfo": {
    "name": "Visual Studio Code",
    "version": "1.76.2"
  },
  "locale": "es",
  "rootPath": "/home/juan-c/WIM-PC-2022/Otro/Visual Code",
  "rootUri": "file:///home/juan-c/WIM-PC-2022/Otro/Visual%20Code",
  "capabilities": {
    "workspace": {
      "applyEdit": true,
      "workspaceEdit": {
        "documentChanges": true,
        "resourceOperations": [
          "create",
          "rename",
          "delete"
        ],
        "failureHandling": "textOnlyTransactional",
        "normalizesLineEndings": true,
        "changeAnnotationSupport": {
          "groupsOnLabel": true
        }
      },
      "configuration": true,
      "didChangeWatchedFiles": {
        "dynamicRegistration": true,
        "relativePatternSupport": true
      },
      "symbol": {
        "dynamicRegistration": true,
        "symbolKind": {
          "valueSet": [
            1,
            2,
            3,
            4,
            5,
            6,
            7,
            8,
            9,
            10,
            11,
            12,
            13,
            14,
            15,
            16,
            17,
            18,
            19,
            20,
            21,
            22,
            23,
            24,
            25,
            26
          ]
        },
        "tagSupport": {
          "valueSet": [
            1
          ]
        },
        "resolveSupport": {
          "properties": [
            "location.range"
          ]
        }
      },
      "codeLens": {
        "refreshSupport": true
      },
      "executeCommand": {
        "dynamicRegistration": true
      },
      "didChangeConfiguration": {
        "dynamicRegistration": true
      },
      "semanticTokens": {
        "refreshSupport": true
      },
      "fileOperations": {
        "dynamicRegistration": true,
        "didCreate": true,
        "didRename": true,
        "didDelete": true,
        "willCreate": true,
        "willRename": true,
        "willDelete": true
      },
      "inlineValue": {
        "refreshSupport": true
      },
      "inlayHint": {
        "refreshSupport": true
      },
      "diagnostics": {
        "refreshSupport": true
      }
    },
    "textDocument": {
      "publishDiagnostics": {
        "relatedInformation": true,
        "versionSupport": false,
        "tagSupport": {
          "valueSet": [
            1,
            2
          ]
        },
        "codeDescriptionSupport": true,
        "dataSupport": true
      },
      "synchronization": {
        "dynamicRegistration": true,
        "willSave": true,
        "willSaveWaitUntil": true,
        "didSave": true
      },
      "completion": {
        "dynamicRegistration": true,
        "contextSupport": true,
        "completionItem": {
          "snippetSupport": true,
          "commitCharactersSupport": true,
          "documentationFormat": [
            "markdown",
            "plaintext"
          ],
          "deprecatedSupport": true,
          "preselectSupport": true,
          "tagSupport": {
            "valueSet": [
              1
            ]
          },
          "insertReplaceSupport": true,
          "resolveSupport": {
            "properties": [
              "documentation",
              "detail",
              "additionalTextEdits"
            ]
          },
          "insertTextModeSupport": {
            "valueSet": [
              1,
              2
            ]
          },
          "labelDetailsSupport": true
        },
        "insertTextMode": 2,
        "completionItemKind": {
          "valueSet": [
            1,
            2,
            3,
            4,
            5,
            6,
            7,
            8,
            9,
            10,
            11,
            12,
            13,
            14,
            15,
            16,
            17,
            18,
            19,
            20,
            21,
            22,
            23,
            24,
            25
          ]
        },
        "completionList": {
          "itemDefaults": [
            "commitCharacters",
            "editRange",
            "insertTextFormat",
            "insertTextMode"
          ]
        }
      },
      "hover": {
        "dynamicRegistration": true,
        "contentFormat": [
          "markdown",
          "plaintext"
        ]
      },
      "signatureHelp": {
        "dynamicRegistration": true,
        "signatureInformation": {
          "documentationFormat": [
            "markdown",
            "plaintext"
          ],
          "parameterInformation": {
            "labelOffsetSupport": true
          },
          "activeParameterSupport": true
        },
        "contextSupport": true
      },
      "definition": {
        "dynamicRegistration": true,
        "linkSupport": true
      },
      "references": {
        "dynamicRegistration": true
      },
      "documentHighlight": {
        "dynamicRegistration": true
      },
      "documentSymbol": {
        "dynamicRegistration": true,
        "symbolKind": {
          "valueSet": [
            1,
            2,
            3,
            4,
            5,
            6,
            7,
            8,
            9,
            10,
            11,
            12,
            13,
            14,
            15,
            16,
            17,
            18,
            19,
            20,
            21,
            22,
            23,
            24,
            25,
            26
          ]
        },
        "hierarchicalDocumentSymbolSupport": true,
        "tagSupport": {
          "valueSet": [
            1
          ]
        },
        "labelSupport": true
      },
      "codeAction": {
        "dynamicRegistration": true,
        "isPreferredSupport": true,
        "disabledSupport": true,
        "dataSupport": true,
        "resolveSupport": {
          "properties": [
            "edit"
          ]
        },
        "codeActionLiteralSupport": {
          "codeActionKind": {
            "valueSet": [
              "",
              "quickfix",
              "refactor",
              "refactor.extract",
              "refactor.inline",
              "refactor.rewrite",
              "source",
              "source.organizeImports"
            ]
          }
        },
        "honorsChangeAnnotations": false
      },
      "codeLens": {
        "dynamicRegistration": true
      },
      "formatting": {
        "dynamicRegistration": true
      },
      "rangeFormatting": {
        "dynamicRegistration": true
      },
      "onTypeFormatting": {
        "dynamicRegistration": true
      },
      "rename": {
        "dynamicRegistration": true,
        "prepareSupport": true,
        "prepareSupportDefaultBehavior": 1,
        "honorsChangeAnnotations": true
      },
      "documentLink": {
        "dynamicRegistration": true,
        "tooltipSupport": true
      },
      "typeDefinition": {
        "dynamicRegistration": true,
        "linkSupport": true
      },
      "implementation": {
        "dynamicRegistration": true,
        "linkSupport": true
      },
      "colorProvider": {
        "dynamicRegistration": true
      },
      "foldingRange": {
        "dynamicRegistration": true,
        "rangeLimit": 5000,
        "lineFoldingOnly": true,
        "foldingRangeKind": {
          "valueSet": [
            "comment",
            "imports",
            "region"
          ]
        },
        "foldingRange": {
          "collapsedText": false
        }
      },
      "declaration": {
        "dynamicRegistration": true,
        "linkSupport": true
      },
      "selectionRange": {
        "dynamicRegistration": true
      },
      "callHierarchy": {
        "dynamicRegistration": true
      },
      "semanticTokens": {
        "dynamicRegistration": true,
        "tokenTypes": [
          "namespace",
          "type",
          "class",
          "enum",
          "interface",
          "struct",
          "typeParameter",
          "parameter",
          "variable",
          "property",
          "enumMember",
          "event",
          "function",
          "method",
          "macro",
          "keyword",
          "modifier",
          "comment",
          "string",
          "number",
          "regexp",
          "operator",
          "decorator"
        ],
        "tokenModifiers": [
          "declaration",
          "definition",
          "readonly",
          "static",
          "deprecated",
          "abstract",
          "async",
          "modification",
          "documentation",
          "defaultLibrary"
        ],
        "formats": [
          "relative"
        ],
        "requests": {
          "range": true,
          "full": {
            "delta": true
          }
        },
        "multilineTokenSupport": false,
        "overlappingTokenSupport": false,
        "serverCancelSupport": true,
        "augmentsSyntaxTokens": true
      },
      "linkedEditingRange": {
        "dynamicRegistration": true
      },
      "typeHierarchy": {
        "dynamicRegistration": true
      },
      "inlineValue": {
        "dynamicRegistration": true
      },
      "inlayHint": {
        "dynamicRegistration": true,
        "resolveSupport": {
          "properties": [
            "tooltip",
            "textEdits",
            "label.tooltip",
            "label.location",
            "label.command"
          ]
        }
      },
      "diagnostic": {
        "dynamicRegistration": true,
        "relatedDocumentSupport": false
      }
    },
    "window": {
      "showMessage": {
        "messageActionItem": {
          "additionalPropertiesSupport": true
        }
      },
      "showDocument": {
        "support": true
      },
      "workDoneProgress": true
    },
    "general": {
      "staleRequestSupport": {
        "cancel": true,
        "retryOnContentModified": [
          "textDocument/semanticTokens/full",
          "textDocument/semanticTokens/range",
          "textDocument/semanticTokens/full/delta"
        ]
      },
      "regularExpressions": {
        "engine": "ECMAScript",
        "version": "ES2020"
      },
      "markdown": {
        "parser": "marked",
        "version": "1.1.0"
      },
      "positionEncodings": [
        "utf-16"
      ]
    },
    "notebookDocument": {
      "synchronization": {
        "dynamicRegistration": true,
        "executionSummarySupport": true
      }
    }
  },
  "trace": "off",
  "workspaceFolders": [
    {
      "uri": "file:///home/juan-c/WIM-PC-2022/Otro/Visual%20Code",
      "name": "Visual Code"
    }
  ]
}

[2023-03-19 11:42:33.653] deliver:  ["Response", "Message", "R6"]

[2023-03-19 11:42:33.959] received:  Content-Length: 52

[2023-03-19 11:42:33.979] received payload.
[2023-03-19 11:42:33.979] handling notification:  initialized

[2023-03-19 11:42:33.979] on_initialized

[2023-03-19 11:42:33.980] received:  Content-Length: 1794

[2023-03-19 11:42:33.991] received payload.
[2023-03-19 11:42:33.992] handling notification:  textDocument/didOpen

[2023-03-19 11:42:33.992] did open: {
  "uri": "file:///home/juan-c/WIM-PC-2022/Otro/Visual%20Code/Trabajos/An%C3%A1lisis%20de%20encuesta%20de%20percepci%C3%B3n",
  "version": 1
}

[2023-03-19 11:42:34.325] diagnostics session acquired session_id = 1 remain pool size = 1

[2023-03-19 11:42:34.326] diagnostics session ready 1 2023-03-19 11:42:34

[2023-03-19 11:42:34.329] parse session acquired session_id = 1 remain pool size = 1

[2023-03-19 11:42:34.330] parse session ready 1 2023-03-19 11:42:34

[2023-03-19 11:42:34.332] received:  Content-Length: 214

[2023-03-19 11:42:34.343] received payload.

[2023-03-19 11:42:34.343] handling notification:  workspace/didChangeConfiguration

[2023-03-19 11:42:34.343] settings  {
  "enabled": true,
  "args": [],
  "promptToInstall": false,
  "debug": true,
  "diagnostics": false,
  "lang": "UTF-8",
  "use_stdio": false
}

[2023-03-19 11:42:34.381] received:  Content-Length: 212

[2023-03-19 11:42:34.392] received payload.

[2023-03-19 11:42:34.392] handling request:  textDocument/documentSymbol

[2023-03-19 11:42:34.395] received:  Content-Length: 211

[2023-03-19 11:42:34.406] received payload.

[2023-03-19 11:42:34.406] handling request:  textDocument/documentColor

[2023-03-19 11:42:34.408] received:  Content-Length: 210

[2023-03-19 11:42:34.419] received payload.

[2023-03-19 11:42:34.420] handling request:  textDocument/documentLink

[2023-03-19 11:42:34.422] received:  Content-Length: 210

[2023-03-19 11:42:34.433] received payload.

[2023-03-19 11:42:34.433] handling request:  textDocument/foldingRange

[2023-03-19 11:42:34.538] parse session released session_id = 1 remain pool size = 2

[2023-03-19 11:42:34.538] parse task timing: 0.214402914047241   file:///home/juan-c/WIM-PC-2022/Otro/Visual%20Code/Trabajos/An%C3%A1lisis%20de%20encuesta%20de%20percepci%C3%B3n

[2023-03-19 11:42:37.291] diagnostics session released session_id = 1 remain pool size = 2

[2023-03-19 11:42:37.291] diagnostics_task: <callr_error/rlib_error_3_0/rlib_error/error>
Error: 
! in callr subprocess.
Caused by error in `dirname(filename)`:
! unable to translate '/home/juan-c/WIM-PC-2022/Otro/Visual Code/Trabajos/An<U+00E1>lisis de encuesta de percepci<U+00F3>n' to native encoding
---
Subprocess backtrace:
1. languageserver:::diagnose_file(...)
2. lintr::lint(path, cache = cache, text = content)
3. lintr:::read_settings(filename)
4. lintr:::find_config(filename)
5. base::dirname(filename)
6. base::.handleSimpleError(function (e)
7. global h(simpleError(msg, call))

[2023-03-19 11:42:37.331] diagnostics task timing: 3.00716948509216   file:///home/juan-c/WIM-PC-2022/Otro/Visual%20Code/Trabajos/An%C3%A1lisis%20de%20encuesta%20de%20percepci%C3%B3n

[2023-03-19 11:43:46.023] received:  Content-Length: 253

[2023-03-19 11:43:46.035] received payload.
[2023-03-19 11:43:46.035] handling request:  textDocument/documentHighlight

[2023-03-19 11:43:46.054] deliver:  ["Response", "Message", "R6"]

[2023-03-19 11:43:46.359] received:  Content-Length: 331

[2023-03-19 11:43:46.371] received payload.

[2023-03-19 11:43:46.371] handling request:  textDocument/codeAction

[2023-03-19 11:43:46.372] text_document_code_action:  {
  "textDocument": {
    "uri": "file:///home/juan-c/WIM-PC-2022/Otro/Visual%20Code/Trabajos/An%C3%A1lisis%20de%20encuesta%20de%20percepci%C3%B3n"
  },
  "range": {
    "start": {
      "line": 18,
      "character": 18
    },
    "end": {
      "line": 18,
      "character": 18
    }
  },
  "context": {
    "diagnostics": [],
    "triggerKind": 2
  }
}

[2023-03-19 11:43:46.377] document_code_action_reply:  {
  "uri": "file:///home/juan-c/WIM-PC-2022/Otro/Visual%20Code/Trabajos/An%C3%A1lisis%20de%20encuesta%20de%20percepci%C3%B3n",
  "range": {
    "start": {
      "row": 18,
      "col": 18
    },
    "end": {
      "row": 18,
      "col": 18
    }
  },
  "context": {
    "diagnostics": [],
    "triggerKind": 2
  },
  "result": []
}

[2023-03-19 11:43:46.381] deliver:  ["Response", "Message", "R6"]

[2023-03-19 11:43:51.127] received:  Content-Length: 253

[2023-03-19 11:43:51.139] received payload.
[2023-03-19 11:43:51.139] handling request:  textDocument/documentHighlight

[2023-03-19 11:43:51.141] deliver:  ["Response", "Message", "R6"]

[2023-03-19 11:43:51.346] received:  Content-Length: 331

[2023-03-19 11:43:51.357] received payload.

[2023-03-19 11:43:51.358] handling request:  textDocument/codeAction

[2023-03-19 11:43:51.358] text_document_code_action:  {
  "textDocument": {
    "uri": "file:///home/juan-c/WIM-PC-2022/Otro/Visual%20Code/Trabajos/An%C3%A1lisis%20de%20encuesta%20de%20percepci%C3%B3n"
  },
  "range": {
    "start": {
      "line": 36,
      "character": 10
    },
    "end": {
      "line": 36,
      "character": 10
    }
  },
  "context": {
    "diagnostics": [],
    "triggerKind": 2
  }
}

[2023-03-19 11:43:51.363] document_code_action_reply:  {
  "uri": "file:///home/juan-c/WIM-PC-2022/Otro/Visual%20Code/Trabajos/An%C3%A1lisis%20de%20encuesta%20de%20percepci%C3%B3n",
  "range": {
    "start": {
      "row": 36,
      "col": 10
    },
    "end": {
      "row": 36,
      "col": 10
    }
  },
  "context": {
    "diagnostics": [],
    "triggerKind": 2
  },
  "result": []
}

[2023-03-19 11:43:51.367] deliver:  ["Response", "Message", "R6"]

[2023-03-19 11:43:52.077] received:  Content-Length: 253

[2023-03-19 11:43:52.089] received payload.

[2023-03-19 11:43:52.089] handling request:  textDocument/documentHighlight

[2023-03-19 11:43:52.091] deliver:  ["Response", "Message", "R6"]

[2023-03-19 11:43:52.094] received:  Content-Length: 62

[2023-03-19 11:43:52.106] received payload.

[2023-03-19 11:43:52.106] unknown notification:  $/cancelRequest

[2023-03-19 11:43:52.107] received:  Content-Length: 253

[2023-03-19 11:43:52.118] received payload.

[2023-03-19 11:43:52.119] handling request:  textDocument/documentHighlight

[2023-03-19 11:43:52.121] deliver:  ["Response", "Message", "R6"]

[2023-03-19 11:43:52.426] received:  Content-Length: 330

[2023-03-19 11:43:52.437] received payload.

[2023-03-19 11:43:52.437] handling request:  textDocument/codeAction

[2023-03-19 11:43:52.437] text_document_code_action:  {
  "textDocument": {
    "uri": "file:///home/juan-c/WIM-PC-2022/Otro/Vis
ual%20Code/Trabajos/An%C3%A1lisis%20de%20encuesta%20de%20percepci%C3%B3n"
  },
  "range": {
    "start": {
      "line": 37,
      "character": 0
    },
    "end": {
      "line": 37,
      "character": 0
    }
  },
  "context": {
    "diagnostics": [],
    "triggerKind": 2
  }
}

[2023-03-19 11:43:52.441] document_code_action_reply:  {
  "uri": "file:///home/juan-c/WIM-PC-2022/Otro/Visual%20Code/Trabajos/An%C3%A1lisis%20de%20encuesta%20de%20percepci%C3%B3n",
  "range": {
    "start": {
      "row": 37,
      "col": 0
    },
    "end": {
      "row": 37,
      "col": 0
    }
  },
  "context": {
    "diagnostics": [],
    "triggerKind": 2
  },
  "result": []
}

[2023-03-19 11:43:52.444] deliver:  ["Response", "Message", "R6"]

[2023-03-19 11:43:53.554] received:  Content-Length: 253

[2023-03-19 11:43:53.565] received payload.

[2023-03-19 11:43:53.565] handling request:  textDocument/documentHighlight

[2023-03-19 11:43:53.567] deliver:  ["Response", "Message", "R6"]

[2023-03-19 11:43:53.873] received:  Content-Length: 330

[2023-03-19 11:43:53.885] received payload.

[2023-03-19 11:43:53.885] handling request:  textDocument/codeAction

[2023-03-19 11:43:53.886] text_document_code_action:  {
  "textDocument": {
    "uri": "file:///home/juan-c/WIM-PC-2022/Otro/Visual%20Code/Trabajos/An%C3%A1lisis%20de%20encuesta%20de%20percepci%C3%B3n"
  },
  "range": {
    "start": {
      "line": 36,
      "character": 0
    },
    "end": {
      "line": 36,
      "character": 0
    }
  },
  "context": {
    "diagnostics": [],
    "triggerKind": 2
  }
}

[2023-03-19 11:43:53.890] document_code_action_reply:  {
  "uri": "file:///home/juan-c/WIM-PC-2022/Otro/Visual%20Code/Trabajos/An%C3%A1lisis%20de%20encuesta%20de%20percepci%C3%B3n",
  "range": {
    "start": {
      "row": 36,
      "col": 0
    },
    "end": {
      "row": 36,
      "col": 0
    }
  },
  "context": {
    "diagnostics": [],
    "triggerKind": 2
  },
  "result": []
}

[2023-03-19 11:43:53.895] deliver:  ["Response", "Message", "R6"]

[2023-03-19 11:43:54.201] received:  Content-Length: 253

[2023-03-19 11:43:54.212] received payload.

[2023-03-19 11:43:54.212] handling request:  textDocument/documentHighlight

[2023-03-19 11:43:54.214] deliver:  ["Response", "Message", "R6"]

[2023-03-19 11:43:54.520] received:  Content-Length: 330

[2023-03-19 11:43:54.532] received payload.

[2023-03-19 11:43:54.532] handling request:  textDocument/codeAction

[2023-03-19 11:43:54.532] text_document_code_action:  {
  "textDocument": {
    "uri": "file:///home/juan-c/WIM-PC-2022/Otro/Visual%20Code/Trabajos/An%C3%A1lisis%20de%20encuesta%20de%20percepci%C3%B3n"
  },
  "range": {
    "start": {
      "line": 37,
      "character": 0
    },
    "end": {
      "line": 37,
      "character": 0
    }
  },
  "context": {
    "diagnostics": [],
    "triggerKind": 2
  }
}

[2023-03-19 11:43:54.537] document_code_action_reply:  {
  "uri": "file:///home/juan-c/WIM-PC-2022/Otro/Visual%20Code/Trabajos/An%C3%A1lisis%20de%20encuesta%20de%20percepci%C3%B3n",
  "range": {
    "start": {
      "row": 37,
      "col": 0
    },
    "end": {
      "row": 37,
      "col": 0
    }
  },
  "context": {
    "diagnostics": [],
    "triggerKind": 2
  },
  "result": []
}

[2023-03-19 11:43:54.541] deliver:  ["Response", "Message", "R6"]

[2023-03-19 11:43:54.746] received:  Content-Length: 330

[2023-03-19 11:43:54.758] received payload.
[2023-03-19 11:43:54.758] handling request:  textDocument/codeAction

[2023-03-19 11:43:54.759] text_document_code_action:  {
  "textDocument": {
    "uri": "file:///home/juan-c/WIM-PC-2022/Otro/Visual%20Code/Trabajos/An%C3%A1lisis%20de%20encuesta%20de%20percepci%C3%B3n"
  },
  "range": {
    "start": {
      "line": 37,
      "character": 1
    },
    "end": {
      "line": 37,
      "character": 1
    }
  },
  "context": {
    "diagnostics": [],
    "triggerKind": 2
  }
}

[2023-03-19 11:43:54.763] document_code_action_reply:  {
  "uri": "file:///home/juan-c/WIM-PC-2022/Otro/Visual%20Code/Trabajos/An%C3%A1lisis%20de%20encuesta%20de%20percepci%C3%B3n",
  "range": {
    "start": {
      "row": 37,
      "col": 1
    },
    "end": {
      "row": 37,
      "col": 1
    }
  },
  "context": {
    "diagnostics": [],
    "triggerKind": 2
  },
  "result": []
}

[2023-03-19 11:43:54.768] deliver:  ["Response", "Message", "R6"]

[2023-03-19 11:43:55.376] received:  Content-Length: 62

[2023-03-19 11:43:55.388] received payload.

[2023-03-19 11:43:55.388] unknown notification:  $/cancelRequest

[2023-03-19 11:43:55.489] received:  Content-Length: 1804

[2023-03-19 11:43:55.500] received payload.

[2023-03-19 11:43:55.501] handling notification:  textDocument/didChange

[2023-03-19 11:43:55.501] did change: {
  "uri": "file:///home/juan-c/WIM-PC-2022/Otro/Visual%20Code/Trabajos/An%C3%A1lisis%20de%20encuesta%20de%20percepci%C3%B3n",
  "version": 2
}

[2023-03-19 11:43:55.503] received:  Content-Length: 1769

[2023-03-19 11:43:55.514] received payload.
[2023-03-19 11:43:55.514] handling notification:  textDocument/didSave

[2023-03-19 11:43:55.515] did save: {
  "uri": "file:///home/juan-c/WIM-PC-2022/Otro/Visual%20Code/Trabajos/An%C3%A1lisis%20de%20encuesta%20de%20percepci%C3%B3n"
}

[2023-03-19 11:43:55.517] parse session acquired session_id = 2 remain pool size = 1

[2023-03-19 11:43:55.518] parse session ready 2 2023-03-19 11:43:55

[2023-03-19 11:43:55.523] received:  Content-Length: 1808

[2023-03-19 11:43:55.534] received payload.

[2023-03-19 11:43:55.534] handling notification:  textDocument/didChange

[2023-03-19 11:43:55.535] did change: {
  "uri": "file:///home/juan-c/WIM-PC-2022/Otro/Visual%20Code/Trabajos/An%C3%A1lisis%20de%20encuesta%20de%20percepci%C3%B3n",
  "version": 3
}

[2023-03-19 11:43:55.537] received:  Content-Length: 1773

[2023-03-19 11:43:55.548] received payload.
[2023-03-19 11:43:55.548] handling notification:  textDocument/didSave

[2023-03-19 11:43:55.549] did save: {
  "uri": "file:///home/juan-c/WIM-PC-2022/Otro/Visual%20Code/Trabajos/An%C3%A1lisis%20de%20encuesta%20de%20percepci%C3%B3n"
}

[2023-03-19 11:43:55.550] parse session acquired session_id = 1 remain pool size = 0

[2023-03-19 11:43:55.550] parse session kill 2

[2023-03-19 11:43:55.550] parse session restart 2

[2023-03-19 11:43:55.659] parse session released session_id = 2 remain pool size = 1

[2023-03-19 11:43:55.766] parse session released session_id = 1 remain pool size = 2

[2023-03-19 11:43:55.767] parse task timing: 0.218117952346802   file:///home/juan-c/WIM-PC-2022/Otro/Visual%20Code/Trabajos/An%
C3%A1lisis%20de%20encuesta%20de%20percepci%C3%B3n

[2023-03-19 11:43:55.770] received:  Content-Length: 1809

[2023-03-19 11:43:55.782] received payload.
[2023-03-19 11:43:55.782] handling notification:  textDocument/didChange
[2023-03-19 11:43:55.783] did change: {
  "uri": "file:///home/juan-c/WIM-PC-2022/Otro/Visual%20Code/Trabajos/An%C3%A1lisis%20de%20encuesta%20de%20percepci%C3%B3n",
  "version": 4
}
[2023-03-19 11:43:55.786] received:  Content-Length: 274

[2023-03-19 11:43:55.797] received payload.
[2023-03-19 11:43:55.797] handling request:  textDocument/completion

[2023-03-19 11:43:55.800] token: {
  "full_token": "D",
  "right_token": "",
  "package": null,
  "accessor": "",
  "token": "D"
}

[2023-03-19 11:43:55.839] bracket is  

[2023-03-19 11:43:55.843] completions:  {
  "init_count": 838,
  "final_count": 200,
  "time": 0.0433,
  "isIncomplete": true
}

[2023-03-19 11:43:55.846] deliver:  ["Response", "Message", "R6"]

[2023-03-19 11:43:56.009] received:  Content-Length: 1774

[2023-03-19 11:43:56.020] received payload.

[2023-03-19 11:43:56.020] handling notification:  textDocument/didSave

[2023-03-19 11:43:56.021] did save: {
  "uri": "file:///home/juan-c/WIM-PC-2022/Otro/Visual%20Code/Trabajos/An%C3%A1lisis%20de%20encuesta%20de%20percepci%C3%B3n"
}

[2023-03-19 11:43:56.022] parse session acquired session_id = 2 remain pool size = 1

[2023-03-19 11:43:56.024] received:  Content-Length: 211

[2023-03-19 11:43:56.035] received payload.

[2023-03-19 11:43:56.035] handling request:  textDocument/foldingRange

[2023-03-19 11:43:56.036] received:  Content-Length: 330

[2023-03-19 11:43:56.048] received payload.

[2023-03-19 11:43:56.048] handling request:  textDocument/codeAction

[2023-03-19 11:43:56.048] text_document_code_action:  {
  "textDocument": {
    "uri": "file:///home/juan-c/WIM-PC-2022/Otro/Visual%20Code/Trabajos/An%C3%A1lisis%20de%20encuesta%20de%20percepci%C3%B3n"
  },
  "range": {
    "start": {
      "line": 40,
      "character": 1
    },
    "end": {
      "line": 40,
      "character": 1
    }
  },
  "context": {
    "diagnostics": [],
    "triggerKind": 2
  }
}

[2023-03-19 11:43:56.051] document_code_action_reply:  {
  "uri": "file:///home/juan-c/WIM-PC-2022/Otro/Visual%20Code/Trabajos/An%C3%A1lisis%20de%20encuesta%20de%20percepci%C3%B3n",
  "range": {
    "start": {
      "row": 40,
      "col": 1
    },
    "end": {
      "row": 40,
      "col": 1
    }
  },
  "context": {
    "diagnostics": [],
    "triggerKind": 2
  },
  "result": []
}

[2023-03-19 11:43:56.054] deliver:  ["Response", "Message", "R6"]

[2023-03-19 11:43:56.056] parse session ready 2 2023-03-19 11:43:56

[2023-03-19 11:43:56.059] received:  Content-Length: 214

[2023-03-19 11:43:56.070] received payload.

[2023-03-19 11:43:56.070] handling request:  completionItem/resolve

[2023-03-19 11:43:56.181] deliver:  ["Response", "Message", "R6"]

[2023-03-19 11:43:56.185] parse session released session_id = 2 remain pool size = 2
[2023-03-19 11:43:56.185] parse task timing: 0.163438320159912   file:///home/juan-c/WIM-PC-2022/Otro/Visual%20Code/Trabajos/An%C3%A1lisis%20de%20encuesta%20de%20percepci%C3%B3n

[2023-03-19 11:43:56.186] received:  Content-Length: 63
[2023-03-19 11:43:56.197] received payload.
[2023-03-19 11:43:56.198] unknown notification:  $/cancelRequest

[2023-03-19 11:43:56.299] received:  Content-Length: 1810

[2023-03-19 11:43:56.311] received payload.

[2023-03-19 11:43:56.311] handling notification:  textDocument/didChange

[2023-03-19 11:43:56.312] did change: {
  "uri": "file:///home/juan-c/WIM-PC-2022/Otro/Visual%20Code/Trabajos/An%C3%A1lisis%20de%20encuesta%20de%20percepci%C3%B3n",
  "version": 5
}

[2023-03-19 11:43:56.315] received:  Content-Length: 274

[2023-03-19 11:43:56.327] received payload.

[2023-03-19 11:43:56.327] handling request:  textDocument/completion

[2023-03-19 11:43:56.383] token: {
  "full_token": "Da",
  "right_token": "",
  "package": null,
  "accessor": "",
  "token": "Da"
}

[2023-03-19 11:43:56.418] bracket is  

[2023-03-19 11:43:56.419] completions:  {
  "init_count": 139,
  "final_count": 139,
  "time": 0.0907,
  "isIncomplete": false
}

[2023-03-19 11:43:56.421] deliver:  ["Response", "Message", "R6"]

[2023-03-19 11:43:56.538] received:  Content-Length: 1775

[2023-03-19 11:43:56.549] received payload.

[2023-03-19 11:43:56.549] handling notification:  textDocument/didSave

[2023-03-19 11:43:56.550] did save: {
  "uri": "file:///home/juan-c/WIM-PC-2022/Otro/Visual%20Code/Trabajos/An%C3%A1lisis%20de%20encuesta%20de%20percepci%C3%B3n"
}

[2023-03-19 11:43:56.552] parse session acquired session_id = 1 remain pool size = 1

[2023-03-19 11:43:56.555] received:  Content-Length: 212

[2023-03-19 11:43:56.566] received payload.

[2023-03-19 11:43:56.567] handling request:  textDocument/documentColor

[2023-03-19 11:43:56.568] received:  Content-Length: 211

[2023-03-19 11:43:56.580] received payload.
[2023-03-19 11:43:56.580] handling request:  textDocument/foldingRange

[2023-03-19 11:43:56.582] received:  Content-Length: 330

[2023-03-19 11:43:56.593] received payload.

[2023-03-19 11:43:56.594] handling request:  textDocument/codeAction

[2023-03-19 11:43:56.594] text_document_code_action:  {
  "textDocument": {
    "uri": "file:///home/juan-c/WIM-PC-2022/Otro/Vis
ual%20Code/Trabajos/An%C3%A1lisis%20de%20encuesta%20de%20percepci%C3%B3n"
  },
  "range": {
    "start": {
      "line": 40,
      "character": 2
    },
    "end": {
      "line": 40,
      "character": 2
    }
  },
  "context": {
    "diagnostics": [],
    "triggerKind": 2
  }
}

[2023-03-19 11:43:56.597] document_code_action_reply:  {
  "uri": "file:///home/juan-c/WIM-PC-2022/Otro/Visual%20Code/Trabajos/An%C3%A1lisis%20de%20encuesta%20de%20percepci%C3%B3n",
  "range": {
    "start": {
      "row": 40,
      "col": 2
    },
    "end": {
      "row": 40,
      "col": 2
    }
  },
  "context": {
    "diagnostics": [],
    "triggerKind": 2
  },
  "result": []
}

[2023-03-19 11:43:56.599] deliver:  ["Response", "Message", "R6"]

[2023-03-19 11:43:56.601] parse session released session_id = 1 remain pool size = 2

[2023-03-19 11:43:56.602] parse task timing: 0.0506026744842529   file:///home/juan-c/WIM-PC-2022/Otro/Visual%20Code/Trabajos/An%C3%A1lisis%20de%20encuesta%20de%20percepci%C3%B3n

[2023-03-19 11:43:56.602] received:  Content-Length: 63

[2023-03-19 11:43:56.613] received payload.

[2023-03-19 11:43:56.613] unknown notification:  $/cancelRequest

[2023-03-19 11:43:56.614] received:  Content-Length: 63

[2023-03-19 11:43:56.625] received payload.

[2023-03-19 11:43:56.625] unknown notification:  $/cancelRequest

[2023-03-19 11:43:56.626] received:  Content-Length: 1811

[2023-03-19 11:43:56.637] received payload.

[2023-03-19 11:43:56.637] handling notification:  textDocument/didChange

[2023-03-19 11:43:56.638] did change: {
  "uri": "file:///home/juan-c/WIM-PC-2022/Otro/Visual%20Code/Trabajos/An%C3%A1lisis%20de%20encuesta%20de%20percepci%C3%B3n",
  "version": 6
}

[2023-03-19 11:43:56.640] received:  Content-Length: 1776

[2023-03-19 11:43:56.652] received payload.
[2023-03-19 11:43:56.652] handling notification:  textDocument/didSave

[2023-03-19 11:43:56.652] did save: {
  "uri": "file:///home/juan-c/WIM-PC-2022/Otro/Visual%20Code/Trabajos/An%C3%A1lisis%20de%20encuesta%20de%20percepci%C3%B3n"
}

[2023-03-19 11:43:56.654] parse session acquired session_id = 2 remain pool size = 1

[2023-03-19 11:43:56.759] parse session released session_id = 2 remain pool size = 2

[2023-03-19 11:43:56.760] parse task timing: 0.106909990310669   file:///home/juan-c/WIM-PC-2022/Otro/Visual%20Code/Trabajos/An%C3%A1lisis%20de%20encuesta%20de%20percepci%C3%B3n

[2023-03-19 11:43:56.761] received:  Content-Length: 211

[2023-03-19 11:43:56.773] received payload.
[2023-03-19 11:43:56.773] handling request:  textDocument/foldingRange

[2023-03-19 11:43:56.774] received:  Content-Length: 330

[2023-03-19 11:43:56.785] received payload.
[2023-03-19 11:43:56.786] handling request:  textDocument/codeAction

[2023-03-19 11:43:56.786] text_document_code_action:  {
  "textDocument": {
    "uri": "file:///home/juan-c/WIM-PC-2022/Otro/Visual%20Code/Trabajos/An%C3%A1lisis%20de%20encuesta%20de%20percepci%C3%B3n"
  },
  "range": {
    "start": {
      "line": 40,
      "character": 3
    },
    "end": {
      "line": 40,
      "character": 3
    }
  },
  "context": {
    "diagnostics": [],
    "triggerKind": 2
  }
}

[2023-03-19 11:43:56.789] document_code_action_reply:  {
  "uri": "file:///home/juan-c/WIM-PC-2022/Otro/Visual%20Code/Trabajos/An%C3%A1lisis%20de%20encuesta%20de%20percepci%C3%B3n",
  "range": {
    "start": {
      "row": 40,
      "col": 3
    },
    "end": {
      "row": 40,
      "col": 3
    }
  },
  "context": {
    "diagnostics": [],
    "triggerKind": 2
  },
  "result": []
}

[2023-03-19 11:43:56.791] deliver:  ["Response", "Message", "R6"]

[2023-03-19 11:43:57.096] received:  Content-Length: 63

[2023-03-19 11:43:57.107] received payload.

[2023-03-19 11:43:57.108] unknown notification:  $/cancelRequest

[2023-03-19 11:43:57.109] received:  Content-Length: 1813

[2023-03-19 11:43:57.121] received payload.

[2023-03-19 11:43:57.121] handling notification:  textDocument/didChange

[2023-03-19 11:43:57.122] did change: {
  "uri": "file:///home/juan-c/WIM-PC-2022/Otro/Visual%20Code/Trabajos/An%C3%A1lisis%20de%20encuesta%20de%20percepci%C3%B3n",
  "version": 7
}

[2023-03-19 11:43:57.125] received:  Content-Length: 1778

[2023-03-19 11:43:57.137] received payload.

[2023-03-19 11:43:57.137] handling notification:  textDocument/didSave

[2023-03-19 11:43:57.138] did save: {
  "uri": "file:///home/juan-c/WIM-PC-2022/Otro/Visual%20Code/Trabajos/An%C3%A1lisis%20de%20encuesta%20de%20percepci%C3%B3n"
}

[2023-03-19 11:43:57.141] parse session acquired session_id = 1 remain pool size = 1

[2023-03-19 11:43:57.248] parse session released session_id = 1 remain pool size = 2

[2023-03-19 11:43:57.249] parse task timing: 0.108674049377441   file:///home/juan-c/WIM-PC-2022/Otro/Visual%20Code/Trabajos/An%C3%A1lisis%20de%20encuesta%20de%20percepci%C3%B3n

[2023-03-19 11:43:57.250] received:  Content-Length: 211

[2023-03-19 11:43:57.262] received payload.

[2023-03-19 11:43:57.262] handling request:  textDocument/foldingRange

[2023-03-19 11:43:57.365] received:  Content-Length: 330

[2023-03-19 11:43:57.376] received payload.

[2023-03-19 11:43:57.377] handling request:  textDocument/codeAction

[2023-03-19 11:43:57.378] text_document_code_action:  {
  "textDocument": {
    "uri": "file:///home/juan-c/WIM-PC-2022/Otro/Visual%20Code/Trabajos/An%C3%A1lisis%20de%20encuesta%20de%20percepci%C3%B3n"
  },
  "range": {
    "start": {
      "line": 40,
      "character": 5
    },
    "end": {
      "line": 40,
      "character": 5
    }
  },
  "context": {
    "diagnostics": [],
    "triggerKind": 2
  }
}

[2023-03-19 11:43:57.384] document_code_action_reply:  {
  "uri": "file:///home/juan-c/WIM-PC-2022/Otro/Visual%20Code/Trabajos/An%C3%A1lisis%20de%20encuesta%20de%20percepci%C3%B3n",
  "range": {
    "start": {
      "row": 40,
      "col": 5
    },
    "end": {
      "row": 40,
      "col": 5
    }
  },
  "context": {
    "diagnostics": [],
    "triggerKind": 2
  },
  "result": []
}

[2023-03-19 11:43:57.392] deliver:  ["Response", "Message", "R6"]

[2023-03-19 11:43:57.496] received:  Content-Length: 212

[2023-03-19 11:43:57.549] received payload.

[2023-03-19 11:43:57.550] handling request:  textDocument/documentColor

[2023-03-19 11:43:57.653] received:  Content-Length: 62

[2023-03-19 11:43:57.664] received payload.

[2023-03-19 11:43:57.664] unknown notification:  $/cancelRequest

[2023-03-19 11:43:57.665] received:  Content-Length: 213

[2023-03-19 11:43:57.677] received payload.

[2023-03-19 11:43:57.677] handling request:  textDocument/documentSymbol

[2023-03-19 11:43:57.780] received:  Content-Length: 63

[2023-03-19 11:43:57.791] received payload.
[2023-03-19 11:43:57.791] unknown notification:  $/cancelRequest

[2023-03-19 11:43:57.893] received:  Content-Length: 1814

[2023-03-19 11:43:57.904] received payload.
[2023-03-19 11:43:57.904] handling notification:  textDocument/didChange

[2023-03-19 11:43:57.905] did change: {
  "uri": "file:///home/juan-c/WIM-PC-2022/Otro/Visual%20Code/Trabajos/An%C3%A1lisis%20de%20encuesta%20de%20percepci%C3%B3n",
  "version": 8
}

[2023-03-19 11:43:57.908] received:  Content-Length: 1779

[2023-03-19 11:43:57.919] received payload.

[2023-03-19 11:43:57.919] handling notification:  textDocument/didSave

[2023-03-19 11:43:57.920] did save: {
  "uri": "file:///home/juan-c/WIM-PC-2022/Otro/Visual%20Code/Trabajos/An%C3%A1lisis%20de%20encuesta%20de%20percepci%C3%B3n"
}

[2023-03-19 11:43:57.922] parse session acquired session_id = 2 remain pool size = 1

[2023-03-19 11:43:57.927] received:  Content-Length: 211

[2023-03-19 11:43:57.939] received payload.
[2023-03-19 11:43:57.939] handling request:  textDocument/foldingRange

[2023-03-19 11:43:58.042] parse session released session_id = 2 remain pool size = 2

[2023-03-19 11:43:58.043] parse task timing: 0.121900320053101   file:///home/juan-c/WIM-PC-2022/Otro/Visual%20Code/Trabajos/An%C3%A1lisis%20de%20encuesta%20de%20percepci%C3%B3n

[2023-03-19 11:43:58.045] received:  Content-Length: 330

[2023-03-19 11:43:58.056] received payload.

[2023-03-19 11:43:58.057] handling request:  textDocument/codeAction

[2023-03-19 11:43:58.057] text_document_code_action:  {
  "textDocument": {
    "uri": "file:///home/juan-c/WIM-PC-2022/Otro/Visual%20Code/Trabajos/An%C3%A1lisis%20de%20encuesta%20de%20percepci%C3%B3n"
  },
  "range": {
    "start": {
      "line": 40,
      "character": 6
    },
    "end": {
      "line": 40,
      "character": 6
    }
  },
  "context": {
    "diagnostics": [],
    "triggerKind": 2
  }
}

[2023-03-19 11:43:58.062] document_code_action_reply:  {
  "uri": "file:///home/juan-c/WIM-PC-2022/Otro/Visual%20Code/Trabajos/An%C3%A1lisis%20de%20encuesta%20de%20percepci%C3%B3n",
  "range": {
    "start": {
      "row": 40,
      "col": 6
    },
    "end": {
      "row": 40,
      "col": 6
    }
  },
  "context": {
    "diagnostics": [],
    "triggerKind": 2
  },
  "result": []
}

[2023-03-19 11:43:58.066] deliver:  ["Response", "Message", "R6"]

[2023-03-19 11:43:58.675] received:  Content-Length: 63

[2023-03-19 11:43:58.687] received payload.

[2023-03-19 11:43:58.687] unknown notification:  $/cancelRequest

[2023-03-19 11:43:58.688] received:  Content-Length: 1826

[2023-03-19 11:43:58.700] received payload.

[2023-03-19 11:43:58.700] handling notification:  textDocument/didChange

[2023-03-19 11:43:58.701] did change: {
  "uri": "file:///home/juan-c/WIM-PC-2022/Otro/Visual%20Code/Trabajos/An%C3%A1lisis%20de%20encuesta%20de%20percepci%C3%B3n",
  "version": 9
}

[2023-03-19 11:43:58.705] received:  Content-Length: 1791

[2023-03-19 11:43:58.716] received payload.

[2023-03-19 11:43:58.717] handling notification:  textDocument/didSave

[2023-03-19 11:43:58.717] did save: {
  "uri": "file:///home/juan-c/WIM-PC-2022/Otro/Visual%20Code/Trabajos/An%C3%A1lisis%20de%20encuesta%20de%20percepci%C3%B3n"
}

[2023-03-19 11:43:58.720] parse session acquired session_id = 1 remain pool size = 1

[2023-03-19 11:43:58.724] received:  Content-Length: 212

[2023-03-19 11:43:58.735] received payload.
[2023-03-19 11:43:58.736] handling request:  textDocument/documentColor

[2023-03-19 11:43:58.839] parse session released session_id = 1 remain pool size = 2

[2023-03-19 11:43:58.840] parse task timing: 0.120927333831787   file:///home/juan-c/WIM-PC-2022/Otro/Visual%20Code/Trabajos/An%C3%A1lisis%20de%20encuesta%20de%20percepci%C3%B3n

[2023-03-19 11:43:58.841] received:  Content-Length: 211

[2023-03-19 11:43:58.852] received payload.
[2023-03-19 11:43:58.852] handling request:  textDocument/foldingRange

[2023-03-19 11:43:58.853] received:  Content-Length: 332

[2023-03-19 11:43:58.864] received payload.
[2023-03-19 11:43:58.865] handling request:  textDocument/codeAction

[2023-03-19 11:43:58.865] text_document_code_action:  {
  "textDocument": {
    "uri": "file:///home/juan-c/WIM-PC-2022/Otro/Visual%20Code/Trabajos/An%C3%A1lisis%20de%20encuesta%20de%20percepci%C3%B3n"
  },
  "range": {
    "start": {
      "line": 40,
      "character": 18
    },
    "end": {
      "line": 40,
      "character": 18
    }
  },
  "context": {
    "diagnostics": [],
    "triggerKind": 2
  }
}

[2023-03-19 11:43:58.867] document_code_action_reply:  {
  "uri": "file:///home/juan-c/WIM-PC-2022/Otro/Visual%20Code/Trabajos/An%C3%A1lisis%20de%20encuesta%20de%20percepci%C3%B3n",
  "range": {
    "start": {
      "row": 40,
      "col": 18
    },
    "end": {
      "row": 40,
      "col": 18
    }
  },
  "context": {
    "diagnostics": [],
    "triggerKind": 2
  },
  "result": []
}

[2023-03-19 11:43:58.869] deliver:  ["Response", "Message", "R6"]

[2023-03-19 11:43:58.972] received:  Content-Length: 63

[2023-03-19 11:43:58.983] received payload.

[2023-03-19 11:43:58.984] unknown notification:  $/cancelRequest

[2023-03-19 11:43:59.085] received:  Content-Length: 1831

[2023-03-19 11:43:59.097] received payload.

[2023-03-19 11:43:59.097] handling notification:  textDocument/didChange

[2023-03-19 11:43:59.098] did change: {
  "uri": "file:///home/juan-c/WIM-PC-2022/Otro/Visual%20Code/Trabajos/An%C3%A1lisis%20de%20encuesta%20de%20percepci%C3%B3n",
  "version": 10
}

[2023-03-19 11:43:59.101] received:  Content-Length: 1795

[2023-03-19 11:43:59.113] received payload.
[2023-03-19 11:43:59.113] handling notification:  textDocument/didSave

[2023-03-19 11:43:59.114] did save: {
  "uri": "file:///home/juan-c/WIM-PC-2022/Otro/Visual%20Code/Trabajos/An%C3%A1lisis%20de%20encuesta%20de%20percepci%C3%B3n"
}

[2023-03-19 11:43:59.116] parse session acquired session_id = 2 remain pool size = 1

[2023-03-19 11:43:59.221] parse session released session_id = 2 remain pool size = 2

[2023-03-19 11:43:59.222] parse task timing: 0.106770992279053   file:///home/juan-c/WIM-PC-2022/Otro/Visual%20Code/Trabajos/An%C3%A1lisis%20de%20encuesta%20de%20percepci%C3%B3n

[2023-03-19 11:43:59.223] received:  Content-Length: 211

[2023-03-19 11:43:59.234] received payload.
[2023-03-19 11:43:59.234] handling request:  textDocument/foldingRange

[2023-03-19 11:43:59.941] received:  Content-Length: 211

[2023-03-19 11:43:59.952] received payload.

[2023-03-19 11:43:59.953] handling request:  textDocument/documentLink

[2023-03-19 11:43:59.953] received:  Content-Length: 212

[2023-03-19 11:43:59.964] received payload.

[2023-03-19 11:43:59.965] handling request:  textDocument/documentColor

