2023-03-19 01:03:17.079 [info] Nivel de registro: Info
2023-03-19 01:03:17.079 [info] La validación encontró GIT en: “git“
2023-03-19 01:03:17.079 [info] Usando GIT “2.40.0” desde “git”
2023-03-19 01:03:17.085 [info] > git rev-parse --show-toplevel [22ms]
2023-03-19 01:03:17.085 [info] fatal: not a git repository (or any of the parent directories): .git
2023-03-19 01:03:17.117 [info] > git rev-parse --show-toplevel [18ms]
2023-03-19 01:03:17.117 [info] fatal: not a git repository (or any of the parent directories): .git
2023-03-19 01:03:17.251 [info] > git rev-parse --show-toplevel [124ms]
2023-03-19 01:03:17.251 [info] fatal: not a git repository (or any of the parent directories): .git
2023-03-19 01:03:17.296 [info] > git rev-parse --show-toplevel [18ms]
2023-03-19 01:03:17.296 [info] fatal: not a git repository (or any of the parent directories): .git
2023-03-19 01:03:17.328 [info] > git rev-parse --show-toplevel [11ms]
2023-03-19 01:03:17.328 [info] fatal: not a git repository (or any of the parent directories): .git
2023-03-19 01:03:17.344 [info] > git rev-parse --show-toplevel [3ms]
2023-03-19 01:03:17.345 [info] fatal: not a git repository (or any of the parent directories): .git
2023-03-19 01:03:17.723 [info] > git rev-parse --show-toplevel [7ms]
2023-03-19 01:03:17.723 [info] fatal: not a git repository (or any of the parent directories): .git
2023-03-19 01:03:19.123 [info] > git rev-parse --show-toplevel [5ms]
2023-03-19 01:03:19.123 [info] fatal: not a git repository (or any of the parent directories): .git
2023-03-19 01:03:32.890 [info] > git rev-parse --show-toplevel [3ms]
2023-03-19 01:03:32.890 [info] fatal: not a git repository (or any of the parent directories): .git
2023-03-19 01:03:33.239 [info] > git rev-parse --show-toplevel [6ms]
2023-03-19 01:03:33.240 [info] fatal: not a git repository (or any of the parent directories): .git
