00:00:00.000204 main     VirtualBox XPCOM Server 7.0.4 r154605 linux.amd64 (Nov 18 2022 12:54:46) release log
00:00:00.000207 main     Log opened 2022-11-26T09:45:20.721520000Z
00:00:00.000208 main     Build Type: release
00:00:00.000210 main     OS Product: Linux
00:00:00.000211 main     OS Release: 6.0.9-arch1-1
00:00:00.000212 main     OS Version: #1 SMP PREEMPT_DYNAMIC Wed, 16 Nov 2022 17:01:17 +0000
00:00:00.000238 main     DMI Product Name: HP Pavilion Desktop PC 570-p0xx
00:00:00.000249 main     DMI Product Version: 
00:00:00.000255 main     Firmware type: UEFI
00:00:00.001737 main     Secure Boot: Disabled
00:00:00.001816 main     Host RAM: 7399MB (7.2GB) total, 5426MB (5.2GB) available
00:00:00.001820 main     Executable: /usr/lib/virtualbox/VBoxSVC
00:00:00.001820 main     Process ID: 14132
00:00:00.001821 main     Package type: LINUX_64BITS_GENERIC (OSE)
00:00:00.003913 main     IPC socket path: /tmp/.vbox-juan-c-ipc/ipcd
00:00:00.111048 nspr-2   VirtualBox: object creation starts
00:00:00.111170 nspr-2   Home directory: '/home/juan-c/.config/VirtualBox'
00:00:00.129695 nspr-2   NetIfAdpCtlOut: VBoxNetAdpCtl: Error while retrieving link speed for wlan0: VBoxNetAdpCtl: ioctl failed: Operation not supported
00:00:00.131324 nspr-2   HostDnsMonitor: initializing
00:00:00.131841 nspr-2   NAT: resolv.conf: nameserver 190.157.8.100
00:00:00.131858 nspr-2   NAT: resolv.conf: nameserver 190.157.8.108
00:00:00.131864 nspr-2   NAT: resolv.conf: nameserver 2800:481:2300::4
00:00:00.131871 nspr-2   NAT: resolv.conf: too many nameserver lines, ignoring 2800:481:300::5
00:00:00.131882 nspr-2   HostDnsMonitor: updating information
00:00:00.131897 nspr-2   HostDnsMonitor: old information
00:00:00.131901 nspr-2     no server entries
00:00:00.131905 nspr-2     no domain set
00:00:00.131907 nspr-2     no search string entries
00:00:00.131910 nspr-2   HostDnsMonitor: new information
00:00:00.131913 nspr-2     server 1: 190.157.8.100
00:00:00.131917 nspr-2     server 2: 190.157.8.108
00:00:00.131920 nspr-2     server 3: 2800:481:2300::4
00:00:00.131923 nspr-2     no domain set
00:00:00.131926 nspr-2     no search string entries
00:00:00.135010 nspr-2   Failed to open "/dev/vboxdrvu", errno=2, rc=VERR_VM_DRIVER_NOT_INSTALLED
00:00:00.135222 nspr-2   VD: VDInit finished with VINF_SUCCESS
00:00:00.135320 nspr-2   ERROR [COM]: aRC=NS_ERROR_FAILURE (0x80004005) aIID={aac6c7cb-a371-4c58-ab51-0616896b2f2c} aComponent={SystemPropertiesWrap} aText={Cannot determine default Guest Additions ISO location. Most likely they are not available}, preserve=false aResultDetail=0
00:00:00.136448 nspr-2   VirtualBox: object created
00:00:01.311724 nspr-2   Saving settings file "/home/juan-c/.config/VirtualBox/VirtualBox.xml" with version "1.12-linux"
00:00:01.367290 nspr-2   Finished saving settings file "/home/juan-c/.config/VirtualBox/VirtualBox.xml"
00:00:01.478523 nspr-3   Saving settings file "/home/juan-c/.config/VirtualBox/VirtualBox.xml" with version "1.12-linux"
00:00:01.550950 nspr-3   Finished saving settings file "/home/juan-c/.config/VirtualBox/VirtualBox.xml"
00:00:01.668587 nspr-2   WARNING [COM]: aRC=NS_ERROR_FAILURE (0x80004005) aIID={e54f6256-97a7-4947-8a78-10c013ddf4b8} aComponent={HostWrap} aText={Could not load the Host USB Proxy service: VERR_NOT_FOUND}, preserve=false aResultDetail=0
00:00:02.314733 nspr-2   Saving settings file "/home/juan-c/.config/VirtualBox/VirtualBox.xml" with version "1.12-linux"
00:00:02.385024 nspr-2   Finished saving settings file "/home/juan-c/.config/VirtualBox/VirtualBox.xml"
00:00:10.164737 nspr-2   Saving settings file "/home/juan-c/.config/VirtualBox/VirtualBox.xml" with version "1.12-linux"
00:00:10.218309 nspr-2   Finished saving settings file "/home/juan-c/.config/VirtualBox/VirtualBox.xml"
00:00:22.864639 nspr-3   Saving settings file "/home/juan-c/.config/VirtualBox/VirtualBox.xml" with version "1.12-linux"
00:00:22.918395 nspr-3   Finished saving settings file "/home/juan-c/.config/VirtualBox/VirtualBox.xml"
00:00:24.528665 nspr-4   Saving settings file "/home/juan-c/.config/VirtualBox/VirtualBox.xml" with version "1.12-linux"
00:00:24.585111 nspr-4   Finished saving settings file "/home/juan-c/.config/VirtualBox/VirtualBox.xml"
00:00:37.542568 nspr-3   Saving settings file "/home/juan-c/.config/VirtualBox/VirtualBox.xml" with version "1.12-linux"
00:00:37.601742 nspr-3   Finished saving settings file "/home/juan-c/.config/VirtualBox/VirtualBox.xml"
00:00:58.152702 main     VirtualBox: object deletion starts
00:00:58.153388 main     HostDnsMonitor: shutting down ...
00:00:58.153794 main     HostDnsMonitor: shut down
00:00:58.154430 Watcher  ERROR [COM]: aRC=E_ACCESSDENIED (0x80070005) aIID={7682d5eb-f00e-44f1-8ca2-99d08b1cd607} aComponent={VirtualBoxWrap} aText={The object is not ready}, preserve=false aResultDetail=0
00:00:58.165177 main     VirtualBox: object deleted
