R Language Server (21869) started
During startup - Warning messages:
1: Setting LC_CTYPE failed, using "C" 
2: Setting LC_COLLATE failed, using "C" 
3: Setting LC_TIME failed, using "C" 
4: Setting LC_MESSAGES failed, using "C" 
5: Setting LC_MONETARY failed, using "C" 
6: Setting LC_PAPER failed, using "C" 
7: Setting LC_MEASUREMENT failed, using "C" 

[2023-03-19 01:03:19.566] connection type: tcp at  38051

[2023-03-19 01:03:19.572] connected

[2023-03-19 01:03:19.822] received:  Content-Length: 5827

[2023-03-19 01:03:19.944] received payload.

[2023-03-19 01:03:19.945] handling request:  initialize

[2023-03-19 01:03:19.945] session:  {
  "system": {
    "sysname": "Linux",
    "release": "6.2.6-arch1-1",
    "version": "#1 SMP PREEMPT_DYNAMIC Mon, 13 Mar 2023 17:02:08 +0000",
    "nodename": "Arcris",
    "machine": "x86_64",
    "login": "juan-c",
    "user": "juan-c",
    "effective_user": "juan-c"
  },
  "pid": 21869,
  "wd": "/home/juan-c/WIM-PC-2022/Otro/Visual Code",
  "args": ["/usr/lib64/R/bin/exec/R", "--silent", "--slave", "--no-save", "--no-restore", "-e", "base::source(base::commandArgs(TRUE))", "--args", "/home/juan-c/.vscode/extensions/reditorsupport.r-2.7.2/R/languageServer.R"],
  "ver": {
    "platform": "x86_64-pc-linux-gnu",
    "arch": "x86_64",
    "os": "linux-gnu",
    "system": "x86_64, linux-gnu",
    "status": "",
    "major": "4",
    "minor": "2.3",
    "year": "2023",
    "month": "03",
    "day": "15",
    "svn rev": "83980",
    "language": "R",
    "version.string": "R version 4.2.3 (2023-03-15)",
    "nickname": "Shortstop Beagle"
  },
  "locale": "C",
  "env": {
    "CHROME_DESKTOP": "code-url-handler.desktop",
    "DBUS_SESSION_BUS_ADDRESS": "unix:path=/run/user/1000/bus",
    "DEBUGINFOD_URLS": "https://debuginfod.archlinux.org ",
    "DESKTOP_SESSION": "hyprland",
    "DISPLAY": ":1",
    "DOTNET_BUNDLE_EXTRACT_BASE_DIR": "/home/juan-c/.cache/dotnet_bundle_extract",
    "DOTNET_ROOT": "/usr/share/dotnet",
    "EDITOR": "vi",
    "ELECTRON_NO_ATTACH_CONSOLE": "1",
    "ELECTRON_RUN_AS_NODE": "1",
    "GDK_BACKEND": "x11",
    "GIO_LAUNCHED_DESKTOP_FILE": "/usr/share/applications/code.desktop",
    "GIO_LAUNCHED_DESKTOP_FILE_PID": "21522",
    "HOME": "/home/juan-c",
    "HYPRLAND_CMD": "Hyprland",
    "HYPRLAND_INSTANCE_SIGNATURE": "06244555915339967864292dd0b83cd9732516d8_1679205005",
    "LANG": "UTF-8",
    "LD_LIBRARY_PATH": "/usr/lib64/R/lib:/usr/lib/jvm/java-19-openjdk/lib/server",
    "LN_S": "ln -s",
    "LOGNAME": "juan-c",
    "MAIL": "/var/spool/mail/juan-c",
    "MAKE": "make",
    "MOTD_SHOWN": "pam",
    "MOZ_ENABLE_WAYLAND": "1",
    "NO_AT_BRIDGE": "1",
    "OLDPWD": "/home/juan-c",
    "ORIGINAL_XDG_CURRENT_DESKTOP": "Hyprland",
    "PAGER": "/usr/bin/less",
    "PATH": "/usr/local/sbin:/usr/local/bin:/usr/bin:/home/juan-c/.dotnet/tools:/usr/lib/jvm/default/bin:/usr/bin/site_perl:/usr/bin/vendor_perl:/usr/bin/core_perl:/var/lib/snapd/snap/bin",
    "PWD": "/home/juan-c/WIM-PC-2022/Otro/Visual Code",
    "R_ARCH": "",
    "R_BROWSER": "",
    "R_BZIPCMD": "/usr/bin/bzip2",
    "R_DOC_DIR": "/usr/share/doc/R/",
    "R_GZIPCMD": "/usr/bin/gzip",
    "R_HOME": "/usr/lib64/R",
    "R_INCLUDE_DIR": "/usr/include/R/",
    "R_LIBS_SITE": "/usr/lib64/R/site-library",
    "R_LIBS_USER": "/home/juan-c/R/x86_64-pc-linux-gnu-library/4.2",
    "R_PAPERSIZE": "A4",
    "R_PDFVIEWER": "",
    "R_PLATFORM": "x86_64-pc-linux-gnu",
    "R_PRINTCMD": "",
    "R_RD4PDF": "times,hyper",
    "R_SESSION_TMPDIR": "/tmp/Rtmp1TkpqQ",
    "R_SHARE_DIR": "/usr/share/R/",
    "R_STRIP_SHARED_LIB": "strip --strip-unneeded",
    "R_STRIP_STATIC_LIB": "strip --strip-debug",
    "R_SYSTEM_ABI": "linux,gcc,gxx,gfortran,gfortran",
    "R_TEXI2DVICMD": "/usr/bin/texi2dvi",
    "R_UNZIPCMD": "/usr/bin/unzip",
    "R_ZIPCMD": "/usr/bin/zip",
    "SED": "/usr/bin/sed",
    "SHELL": "/bin/zsh",
    "SHLVL": "1",
    "TAR": "/usr/bin/tar",
    "USER": "juan-c",
    "VSCODE_AMD_ENTRYPOINT": "vs/workbench/api/node/extensionHostProcess",
    "VSCODE_CLI": "1",
    "VSCODE_CODE_CACHE_PATH": "/home/juan-c/.config/Code/CachedData/ee2b180d582a7f601fa6ecfdad8d9fd269ab1884",
    "VSCODE_CRASH_REPORTER_PROCESS_TYPE": "extensionHost",
    "VSCODE_CWD": "/home/juan-c",
    "VSCODE_HANDLES_UNCAUGHT_ERRORS": "true",
    "VSCODE_IPC_HOOK": "/run/user/1000/vscode-1da64c1e-1.76-main.sock",
    "VSCODE_NLS_CONFIG": "{\"locale\":\"es-co\",\"availableLanguages\":{\"*\":\"es\"},\"_languagePackId\":\"ac912362dff4707224d25c1495fac2dc.es\",\"_translationsConfigFile\":\"/home/juan-c/.config/Code/clp/ac912362dff4707224d25c1495fac2dc.es/tcf.json\",\"_cacheRoot\":\"/home/juan-c/.config/Code/clp/ac912362dff4707224d25c1495fac2dc.es\",\"_corruptedFile\":\"/home/juan-c/.config/Code/clp/ac912362dff4707224d25c1495fac2dc.es/corrupted.info\",\"_resolvedLanguagePackCoreLocation\":\"/home/juan-c/.config/Code/clp/ac912362dff4707224d25c1495fac2dc.es/ee2b180d582a7f601fa6ecfdad8d9fd269ab1884\",\"_languagePackSupport\":true}",
    "VSCODE_PID": "21545",
    "VSCR_LIB_PATHS": "",
    "VSCR_LSP_DEBUG": "TRUE",
    "VSCR_LSP_PORT": "38051",
    "WAYLAND_DISPLAY": "wayland-1",
    "XCURSOR_SIZE": "24",
    "XDG_BACKEND": "wayland",
    "XDG_CURRENT_DESKTOP": "Hyprland",
    "XDG_DATA_DIRS": "/usr/local/share:/usr/share:/var/lib/snapd/desktop",
    "XDG_RUNTIME_DIR": "/run/user/1000",
    "XDG_SEAT": "seat0",
    "XDG_SEAT_PATH": "/org/freedesktop/DisplayManager/Seat0",
    "XDG_SESSION_CLASS": "user",
    "XDG_SESSION_ID": "15",
    "XDG_SESSION_PATH": "/org/freedesktop/DisplayManager/Session13",
    "XDG_SESSION_TYPE": "wayland",
    "XDG_VTNR": "3",
    "_JAVA_AWT_WM_NONREPARENTING": "1"
  },
  "libpaths": ["/home/juan-c/R/x86_64-pc-linux-gnu-library/4.2", "/usr/lib/R/library"],
  "namespaces": {
    "processx": "3.8.0",
    "compiler": "4.2.3",
    "R6": "2.5.1",
    "graphics": "4.2.3",
    "tools": "4.2.3",
    "parallel": "4.2.3",
    "collections": "0.3.7",
    "utils": "4.2.3",
    "grDevices": "4.2.3",
    "stats": "4.2.3",
    "datasets": "4.2.3",
    "xml2": "1.3.3",
    "stringi": "1.7.12",
    "callr": "3.7.3",
    "methods": "4.2.3",
    "jsonlite": "1.8.4",
    "ps": "1.7.2",
    "base": "4.2.3",
    "languageserver": "0.3.15"
  },
  "search": [".GlobalEnv", "package:stats", "package:graphics", "package:grDevices", "package:utils", "package:datasets", "package:methods", "Autoloads", "package:base"]
}

[2023-03-19 01:03:19.972] initialization config:  {
  "processId": 21676,
  "clientInfo": {
    "name": "Visual Studio Code",
    "version": "1.76.2"
  },
  "locale": "es",
  "rootPath": "/home/juan-c/WIM-PC-2022/Otro/Visual Code",
  "rootUri": "file:///home/juan-c/WIM-PC-2022/Otro/Visual%20Code",
  "capabilities": {
    "workspace": {
      "applyEdit": true,
      "workspaceEdit": {
        "documentChanges": true,
        "resourceOperations": [
          "create",
          "rename",
          "delete"
        ],
        "failureHandling": "textOnlyTransactional",
        "normalizesLineEndings": true,
        "changeAnnotationSupport": {
          "groupsOnLabel": true
        }
      },
      "configuration": true,
      "didChangeWatchedFiles": {
        "dynamicRegistration": true,
        "relativePatternSupport": true
      },
      "symbol": {
        "dynamicRegistration": true,
        "symbolKind": {
          "valueSet": [
            1,
            2,
            3,
            4,
            5,
            6,
            7,
            8,
            9,
            10,
            11,
            12,
            13,
            14,
            15,
            16,
            17,
            18,
            19,
            20,
            21,
            22,
            23,
            24,
            25,
            26
          ]
        },
        "tagSupport": {
          "valueSet": [
            1
          ]
        },
        "resolveSupport": {
          "properties": [
            "location.range"
          ]
        }
      },
      "codeLens": {
        "refreshSupport": true
      },
      "executeCommand": {
        "dynamicRegistration": true
      },
      "didChangeConfiguration": {
        "dynamicRegistration": true
      },
      "semanticTokens": {
        "refreshSupport": true
      },
      "fileOperations": {
        "dynamicRegistration": true,
        "didCreate": true,
        "didRename": true,
        "didDelete": true,
        "willCreate": true,
        "willRename": true,
        "willDelete": true
      },
      "inlineValue": {
        "refreshSupport": true
      },
      "inlayHint": {
        "refreshSupport": true
      },
      "diagnostics": {
        "refreshSupport": true
      }
    },
    "textDocument": {
      "publishDiagnostics": {
        "relatedInformation": true,
        "versionSupport": false,
        "tagSupport": {
          "valueSet": [
            1,
            2
          ]
        },
        "codeDescriptionSupport": true,
        "dataSupport": true
      },
      "synchronization": {
        "dynamicRegistration": true,
        "willSave": true,
        "willSaveWaitUntil": true,
        "didSave": true
      },
      "completion": {
        "dynamicRegistration": true,
        "contextSupport": true,
        "completionItem": {
          "snippetSupport": true,
          "commitCharactersSupport": true,
          "documentationFormat": [
            "markdown",
            "plaintext"
          ],
          "deprecatedSupport": true,
          "preselectSupport": true,
          "tagSupport": {
            "valueSet": [
              1
            ]
          },
          "insertReplaceSupport": true,
          "resolveSupport": {
            "properties": [
              "documentation",
              "detail",
              "additionalTextEdits"
            ]
          },
          "insertTextModeSupport": {
            "valueSet": [
              1,
              2
            ]
          },
          "labelDetailsSupport": true
        },
        "insertTextMode": 2,
        "completionItemKind": {
          "valueSet": [
            1,
            2,
            3,
            4,
            5,
            6,
            7,
            8,
            9,
            10,
            11,
            12,
            13,
            14,
            15,
            16,
            17,
            18,
            19,
            20,
            21,
            22,
            23,
            24,
            25
          ]
        },
        "completionList": {
          "itemDefaults": [
            "commitCharacters",
            "editRange",
            "insertTextFormat",
            "insertTextMode"
          ]
        }
      },
      "hover": {
        "dynamicRegistration": true,
        "contentFormat": [
          "markdown",
          "plaintext"
        ]
      },
      "signatureHelp": {
        "dynamicRegistration": true,
        "signatureInformation": {
          "documentationFormat": [
            "markdown",
            "plaintext"
          ],
          "parameterInformation": {
            "labelOffsetSupport": true
          },
          "activeParameterSupport": true
        },
        "contextSupport": true
      },
      "definition": {
        "dynamicRegistration": true,
        "linkSupport": true
      },
      "references": {
        "dynamicRegistration": true
      },
      "documentHighlight": {
        "dynamicRegistration": true
      },
      "documentSymbol": {
        "dynamicRegistration": true,
        "symbolKind": {
          "valueSet": [
            1,
            2,
            3,
            4,
            5,
            6,
            7,
            8,
            9,
            10,
            11,
            12,
            13,
            14,
            15,
            16,
            17,
            18,
            19,
            20,
            21,
            22,
            23,
            24,
            25,
            26
          ]
        },
        "hierarchicalDocumentSymbolSupport": true,
        "tagSupport": {
          "valueSet": [
            1
          ]
        },
        "labelSupport": true
      },
      "codeAction": {
        "dynamicRegistration": true,
        "isPreferredSupport": true,
        "disabledSupport": true,
        "dataSupport": true,
        "resolveSupport": {
          "properties": [
            "edit"
          ]
        },
        "codeActionLiteralSupport": {
          "codeActionKind": {
            "valueSet": [
              "",
              "quickfix",
              "refactor",
              "refactor.extract",
              "refactor.inline",
              "refactor.rewrite",
              "source",
              "source.organizeImports"
            ]
          }
        },
        "honorsChangeAnnotations": false
      },
      "codeLens": {
        "dynamicRegistration": true
      },
      "formatting": {
        "dynamicRegistration": true
      },
      "rangeFormatting": {
        "dynamicRegistration": true
      },
      "onTypeFormatting": {
        "dynamicRegistration": true
      },
      "rename": {
        "dynamicRegistration": true,
        "prepareSupport": true,
        "prepareSupportDefaultBehavior": 1,
        "honorsChangeAnnotations": true
      },
      "documentLink": {
        "dynamicRegistration": true,
        "tooltipSupport": true
      },
      "typeDefinition": {
        "dynamicRegistration": true,
        "linkSupport": true
      },
      "implementation": {
        "dynamicRegistration": true,
        "linkSupport": true
      },
      "colorProvider": {
        "dynamicRegistration": true
      },
      "foldingRange": {
        "dynamicRegistration": true,
        "rangeLimit": 5000,
        "lineFoldingOnly": true,
        "foldingRangeKind": {
          "valueSet": [
            "comment",
            "imports",
            "region"
          ]
        },
        "foldingRange": {
          "collapsedText": false
        }
      },
      "declaration": {
        "dynamicRegistration": true,
        "linkSupport": true
      },
      "selectionRange": {
        "dynamicRegistration": true
      },
      "callHierarchy": {
        "dynamicRegistration": true
      },
      "semanticTokens": {
        "dynamicRegistration": true,
        "tokenTypes": [
          "namespace",
          "type",
          "class",
          "enum",
          "interface",
          "struct",
          "typeParameter",
          "parameter",
          "variable",
          "property",
          "enumMember",
          "event",
          "function",
          "method",
          "macro",
          "keyword",
          "modifier",
          "comment",
          "string",
          "number",
          "regexp",
          "operator",
          "decorator"
        ],
        "tokenModifiers": [
          "declaration",
          "definition",
          "readonly",
          "static",
          "deprecated",
          "abstract",
          "async",
          "modification",
          "documentation",
          "defaultLibrary"
        ],
        "formats": [
          "relative"
        ],
        "requests": {
          "range": true,
          "full": {
            "delta": true
          }
        },
        "multilineTokenSupport": false,
        "overlappingTokenSupport": false,
        "serverCancelSupport": true,
        "augmentsSyntaxTokens": true
      },
      "linkedEditingRange": {
        "dynamicRegistration": true
      },
      "typeHierarchy": {
        "dynamicRegistration": true
      },
      "inlineValue": {
        "dynamicRegistration": true
      },
      "inlayHint": {
        "dynamicRegistration": true,
        "resolveSupport": {
          "properties": [
            "tooltip",
            "textEdits",
            "label.tooltip",
            "label.location",
            "label.command"
          ]
        }
      },
      "diagnostic": {
        "dynamicRegistration": true,
        "relatedDocumentSupport": false
      }
    },
    "window": {
      "showMessage": {
        "messageActionItem": {
          "additionalPropertiesSupport": true
        }
      },
      "showDocument": {
        "support": true
      },
      "workDoneProgress": true
    },
    "general": {
      "staleRequestSupport": {
        "cancel": true,
        "retryOnContentModified": [
          "textDocument/semanticTokens/full",
          "textDocument/semanticTokens/range",
          "textDocument/semanticTokens/full/delta"
        ]
      },
      "regularExpressions": {
        "engine": "ECMAScript",
        "version": "ES2020"
      },
      "markdown": {
        "parser": "marked",
        "version": "1.1.0"
      },
      "positionEncodings": [
        "utf-16"
      ]
    },
    "notebookDocument": {
      "synchronization": {
        "dynamicRegistration": true,
        "executionSummarySupport": true
      }
    }
  },
  "trace": "off",
  "workspaceFolders": [
    {
      "uri": "file:///home/juan-c/WIM-PC-2022/Otro/Visual%20Code",
      "name": "Visual Code"
    }
  ]
}

[2023-03-19 01:03:21.096] deliver:  ["Response", "Message", "R6"]

[2023-03-19 01:03:21.344] received:  Content-Length: 52

[2023-03-19 01:03:21.363] received payload.
[2023-03-19 01:03:21.364] handling notification:  initialized

[2023-03-19 01:03:21.364] on_initialized

[2023-03-19 01:03:21.364] received:  Content-Length: 1794

[2023-03-19 01:03:21.375] received payload.

[2023-03-19 01:03:21.375] handling notification:  textDocument/didOpen

[2023-03-19 01:03:21.376] did open: {
  "uri": "file:///home/juan-c/WIM-PC-2022/Otro/Visual%20Code/Trabajos/An%C3%A1lisis%20de%20encuesta%20de%20percepci%C3%B3n",
  "version": 1
}

[2023-03-19 01:03:21.444] diagnostics session acquired session_id = 1 remain pool size = 1

[2023-03-19 01:03:21.446] diagnostics session ready 1 2023-03-19 01:03:21

[2023-03-19 01:03:21.448] parse session acquired session_id = 1 remain pool size = 1

[2023-03-19 01:03:21.449] parse session ready 1 2023-03-19 01:03:21

[2023-03-19 01:03:21.451] received:  Content-Length: 214

[2023-03-19 01:03:21.462] received payload.

[2023-03-19 01:03:21.462] handling notification:  workspace/didChangeConfiguration

[2023-03-19 01:03:21.462] settings  {
  "enabled": true,
  "args": [],
  "promptToInstall": false,
  "debug": true,
  "diagnostics": false,
  "lang": "UTF-8",
  "use_stdio": false
}

[2023-03-19 01:03:21.596] parse session released session_id = 1 remain pool size = 2

[2023-03-19 01:03:21.596] parse task timing: 0.152346134185791   file:///home/juan-c/WIM-PC-2022/Otro/Visual%20Code/Trabajos/An%C3%A1lisis%20de%20encuesta%20de%20percepci%C3%B3n

[2023-03-19 01:03:21.902] diagnostics session released session_id = 1 remain pool size = 2

[2023-03-19 01:03:21.902] diagnostics_task: <callr_error/rlib_error_3_0/rlib_error/error>
Error: 
! in callr subprocess.
Caused by error in `dirname(filename)`:
! unable to translate '/home/juan-c/WIM-PC-2022/Otro/Visual Code/Trabajos/An<U+00E1>lisis de encuesta de percepci<U+00F3>n' to native encoding
---
Subprocess backtrace:
1. languageserver:::diagnose_file(...)
2. lintr::lint(path, cache = cache, text = content)
3. lintr:::read_settings(filename)
4. lintr:::find_config(filename)
5. base::dirname(filename)
6. base::.handleSimpleError(function (e)
7. global h(simpleError(msg, call))

[2023-03-19 01:03:21.927] diagnostics task timing: 0.483302593231201   file:///home/juan-c/WIM-PC-2022/Otro/Visual%20Code/Trabajos/An%C3%A1lisis%20de%20encuesta%20de%20percepci%C3%B3n

[2023-03-19 01:03:22.736] received:  Content-Length: 211

[2023-03-19 01:03:22.747] received payload.

[2023-03-19 01:03:22.749] handling request:  textDocument/documentColor

[2023-03-19 01:03:22.752] received:  Content-Length: 210

[2023-03-19 01:03:22.765] received payload.
[2023-03-19 01:03:22.767] handling request:  textDocument/documentLink

[2023-03-19 01:03:22.974] received:  Content-Length: 210

[2023-03-19 01:03:22.985] received payload.

[2023-03-19 01:03:22.985] handling request:  textDocument/foldingRange

[2023-03-19 01:03:32.970] received:  Content-Length: 64

[2023-03-19 01:03:32.980] received payload.

[2023-03-19 01:03:32.981] handling notification:  $/setTrace

[2023-03-19 01:03:33.184] received:  Content-Length: 212

[2023-03-19 01:03:33.195] received payload.

[2023-03-19 01:03:33.195] handling request:  textDocument/documentSymbol

[2023-03-19 01:03:33.297] received:  Content-Length: 64

[2023-03-19 01:03:33.308] received payload.
[2023-03-19 01:03:33.308] handling notification:  $/setTrace

